app/proguard/seeds.txt
com.cloudlisten.music.AboutActivity
com.cloudlisten.music.MainActivity
com.cloudlisten.music.SplashActivity
com.cloudlisten.music.BaseActivity
com.cloudlisten.music.R$id: int navigation_items1_3
com.cloudlisten.music.R$mipmap: int background_06
com.cloudlisten.music.R$id: int navigation_items2_1
com.cloudlisten.music.R$layout: int content_main
com.cloudlisten.music.R$id: int about_list
com.cloudlisten.music.R$string: int navigation_items2_1
com.cloudlisten.music.R$mipmap: int background_01
com.cloudlisten.music.R$string: int navigation_subtitle
com.cloudlisten.music.R$mipmap: int ic_github
com.cloudlisten.music.R$id: int main_item1
com.cloudlisten.music.R$mipmap: int text_wen
com.cloudlisten.music.R$id: int action_settings
com.cloudlisten.music.R$anim: int slide_out_from_left
com.cloudlisten.music.R$mipmap: int imgcat_1
com.cloudlisten.music.R$mipmap: int ic_cog
com.cloudlisten.music.R$mipmap: int ic_copy
com.cloudlisten.music.R$layout: int activity_timeline
com.cloudlisten.music.R$id: int toolbar
com.cloudlisten.music.R$mipmap: int ic_menu
com.cloudlisten.music.R$mipmap: int ic_copyright
com.cloudlisten.music.R$string: int action_exitapps
com.cloudlisten.music.R$id: int courses_title
com.cloudlisten.music.R$id: int privacytext
com.cloudlisten.music.R$id: int action_cheknews
com.cloudlisten.music.R$mipmap: int ic_face
com.cloudlisten.music.R$mipmap: int ic_android
com.cloudlisten.music.R$string: int app_named
com.cloudlisten.music.R$menu: int menu_navigation
com.cloudlisten.music.R$string: int button_cancel
com.cloudlisten.music.R$string: int Privacy_Policy
com.cloudlisten.music.R$mipmap: int ic_update
com.cloudlisten.music.R$id: int modetitle
com.cloudlisten.music.R$string: int navigation_signin
com.cloudlisten.music.R$mipmap: int ic_school
com.cloudlisten.music.R$anim: int slide_out_from_right
com.cloudlisten.music.R$id: int dashboard
com.cloudlisten.music.R$string: int action_cheknews
com.cloudlisten.music.R$layout: int header_navigation_drawer
com.cloudlisten.music.R$string: int action_openreas
com.cloudlisten.music.R$mipmap: int ic_bell
com.cloudlisten.music.R$mipmap: int imgcat_6
com.cloudlisten.music.R$string: int navigation_items2_2
com.cloudlisten.music.R$string: int action_sponsors
com.cloudlisten.music.R$string: int splashactivity_privacys_title
com.cloudlisten.music.R$id: int navigation_items1_1
com.cloudlisten.music.R$id: int agree_policy
com.cloudlisten.music.R$id: int navigation_items2_4
com.cloudlisten.music.R$mipmap: int ic_calendar
com.cloudlisten.music.R$menu: int menu_main
com.cloudlisten.music.R$anim: int slide_in_from_right
com.cloudlisten.music.R$id: int fab
com.cloudlisten.music.R$id: int action_SecondFragment_to_FirstFragment
com.cloudlisten.music.R$id: int action_deveices
com.cloudlisten.music.R$string: int lorem_ipsum
com.cloudlisten.music.R$id: int nav_graph
com.cloudlisten.music.R$mipmap: int imgcat_4
com.cloudlisten.music.R$string: int app_updatelogs
com.cloudlisten.music.R$mipmap: int text_zi
com.cloudlisten.music.R$mipmap: int imgcat_3
com.cloudlisten.music.R$id: int navigationview
com.cloudlisten.music.R$mipmap: int imgcat_2
com.cloudlisten.music.R$layout: int activity_splash
com.cloudlisten.music.R$id: int navigation_items2_3
com.cloudlisten.music.R$mipmap: int ic_clipboard
com.cloudlisten.music.R$string: int app_name
com.cloudlisten.music.R$layout: int activity_main
com.cloudlisten.music.R$anim: int splash_right
com.cloudlisten.music.R$mipmap: int ic_alert_circle
com.cloudlisten.music.R$mipmap: int background_03
com.cloudlisten.music.R$anim: int splash_left
com.cloudlisten.music.R$id: int action_FirstFragment_to_SecondFragment
com.cloudlisten.music.R$mipmap: int background_05
com.cloudlisten.music.R$string: int navigation_items1
com.cloudlisten.music.R$mipmap: int ic_api
com.cloudlisten.music.R$string: int navigation_items1_1
com.cloudlisten.music.R$mipmap: int background_02
com.cloudlisten.music.R$string: int action_deveices
com.cloudlisten.music.R$string: int navigation_items2
...
androidx.drawerlayout.R$styleable: int GradientColor_android_centerY
com.xuexiang.xui.R$attr: int materialCalendarHeaderToggleButton
com.google.android.material.R$styleable: int[] ClockFaceView
com.google.android.material.R$id: int visible
androidx.appcompat.R$dimen: int abc_seekbar_track_progress_height_material
com.xuexiang.xui.R$styleable: int AppCompatTheme_windowFixedWidthMajor
com.google.android.material.R$color: int material_personalized_color_control_activated
androidx.constraintlayout.widget.R$styleable: int MenuItem_android_title
androidx.appcompat.R$styleable: int AppCompatImageView_android_src
com.google.android.material.R$styleable: int Layout_layout_constrainedWidth
androidx.transition.R$id: int save_non_transition_alpha
com.xuexiang.xui.widget.banner.recycler.layout.OverFlyingLayoutManager$SavedState: android.os.Parcelable$Creator CREATOR
com.xuexiang.xui.R$style: int Base_Widget_AppCompat_ActionBar_TabText
androidx.appcompat.R$styleable: int CompoundButton_buttonCompat
com.xuexiang.xui.R$string: int material_motion_easing_decelerated
androidx.constraintlayout.widget.ConstraintAttribute$AttributeType: androidx.constraintlayout.widget.ConstraintAttribute$AttributeType DIMENSION_TYPE
com.xuexiang.xui.R$color: int material_timepicker_button_stroke
com.xuexiang.xui.R$style: int Widget_Design_BottomNavigationView
com.google.android.material.R$attr: int errorIconTintMode
com.xuexiang.xui.R$styleable: int BannerLayout_bl_interval
com.google.android.material.R$styleable: int MaterialButton_android_insetRight
com.google.android.material.R$attr: int statusBarForeground
com.xuexiang.xui.R$drawable: int xui_config_preview_window
com.google.android.material.R$color: int m3_sys_color_dynamic_dark_tertiary_container
com.google.android.material.R$style: int Theme_MaterialComponents_DayNight_DarkActionBar
com.xuexiang.xui.R$styleable: int MaterialSpinner_ms_dropdown_bg
com.google.android.material.R$drawable: int abc_btn_switch_to_on_mtrl_00001
com.xuexiang.xui.R$styleable: int CommonTextView_cCenterViewPaddingRight
com.xuexiang.xui.widget.imageview.strategy.DiskCacheStrategyEnum: com.xuexiang.xui.widget.imageview.strategy.DiskCacheStrategyEnum RESOURCE
com.xuexiang.xui.R$styleable: int OnSwipe_rotationCenterId
com.google.android.material.R$styleable: int Constraint_layout_constraintWidth_min
androidx.constraintlayout.core.SolverVariable$Type: androidx.constraintlayout.core.SolverVariable$Type SLACK
com.xuexiang.xui.R$attr: int vcet_bg_normal
com.xuexiang.xui.R$attr: int layout_goneMarginLeft
com.xuexiang.xui.R$dimen: int mtrl_progress_circular_size_extra_small
com.xuexiang.xui.widget.imageview.edit.PhotoFilter: com.xuexiang.xui.widget.imageview.edit.PhotoFilter NEGATIVE
com.google.android.material.R$color: int mtrl_card_view_ripple
com.xuexiang.xui.R$style: int ShapeAppearanceOverlay_MaterialComponents_FloatingActionButton
androidx.core.R$id: int accessibility_custom_action_16
com.google.android.material.R$dimen: int m3_comp_navigation_bar_container_height
com.google.android.material.R$string: int mtrl_picker_text_input_date_range_end_hint
androidx.constraintlayout.widget.R$styleable: int MenuItem_android_numericShortcut
com.google.android.material.R$styleable: int NavigationView_drawerLayoutCornerSize
com.google.android.material.R$styleable: int Chip_chipMinTouchTargetSize
androidx.constraintlayout.widget.R$styleable: int Spinner_android_prompt
com.xuexiang.xui.R$attr: int xui_loading_margin_size
androidx.constraintlayout.widget.R$styleable: int AppCompatTheme_actionBarItemBackground
com.google.android.material.R$attr: int collapsingToolbarLayoutMediumStyle
com.xuexiang.xui.R$style: int TextAppearance_Design_Tab
com.google.android.material.R$style: int ThemeOverlay_AppCompat
com.google.android.material.R$styleable: int ConstraintSet_layout_constraintWidth_percent
com.xuexiang.xui.R$styleable: int Chip_android_textColor
com.xuexiang.xui.R$styleable: int SwitchButton_swb_thumbMarginTop