app/proguard/unused.txt
com.cloudlisten.music.MainActivity:
    private static final int MY_PERMISSIONS_REQUEST_READ_CONTACTS
com.cloudlisten.music.R$anim:
    private void <init>()
com.cloudlisten.music.R$color
com.cloudlisten.music.R$dimen
com.cloudlisten.music.R$drawable
com.cloudlisten.music.R$font
com.cloudlisten.music.R$id:
    private void <init>()
com.cloudlisten.music.R$layout:
    private void <init>()
com.cloudlisten.music.R$menu:
    private void <init>()
com.cloudlisten.music.R$mipmap:
    private void <init>()
com.cloudlisten.music.R$navigation
com.cloudlisten.music.R$string:
    private void <init>()
com.cloudlisten.music.R$style
com.cloudlisten.music.R$xml
com.cloudlisten.music.R
com.cloudlisten.music.SplashActivity:
    private com.google.android.material.bottomsheet.BottomSheetBehavior bottomsheet
com.cloudlisten.music.Toolutils:
    static final double DEFAULT_DOUBLE
    static final int DEFAULT_INT
    static final long DEFAULT_LONG
    static final java.lang.String DEFAULT_STRING
    static final double FIVE_PERCENT
    static final double FIVE_PER_THOUSAND
    static final double ONE_PERCENT
    static final double ONE_PER_THOUSAND
    static final double TEN_PERCENT
    static final double THREE_PERCENT
    static final double THREE_PER_THOUSAND
    static final double TWENTY_PERCENT
    static final double TWO_PERCENT
    static final double TWO_PER_THOUSAND
    void <init>()
    static boolean copy(java.lang.String,java.lang.String,boolean)
    static boolean delete(java.lang.String)
    static java.lang.String[] getAllFileName(java.lang.String)
    static double getDouble(java.lang.String,double)
    static double getDouble(java.lang.String,double,int)
    static double getDouble(java.lang.String,int)
    static double getDouble(java.lang.String,int,int)
    static double getDouble(java.lang.String,long)
    static double getDouble(java.lang.String,long,int)
    static double getDouble(java.lang.String,java.lang.String)
    static double getDouble(java.lang.String,java.lang.String,double)
    static int getFibonacci(int)
    public static java.lang.String getFileNameNoEx(java.lang.String)
    static int getInt(java.lang.String,double)
    static int getInt(java.lang.String,double,int)
    static int getInt(java.lang.String,int)
com.cloudlisten.music.UserInfoBean:
    private java.lang.String appnotice
    private java.lang.String authorsay
    private java.lang.String code
    private java.lang.String download_size
    private java.lang.String download_urls
    private java.lang.String hitokoto
    private java.lang.String msg
    private java.lang.String version_code
    private java.lang.String version_force
    private java.lang.String version_logs
    private java.lang.String version_name
    public void <init>()
    public java.lang.String getAuthorsay()
    public java.lang.String getDownload_size()
    public java.lang.String getVersion_code()
    public java.lang.String getVersion_force()
    public java.lang.String getVersion_name()
    public void setAppnotice()
    public void setAuthorsay()
    public void setCode(java.lang.String)
    public void setDownload_size()
    public void setDownload_urls()
    public void setHitokoto()
    public void setMsg(java.lang.String)
    public void setVeersion_code()
    public void setVersion_force()
    public void setVersion_logs()
    public void setVersion_name()
com.cloudlisten.music.databinding.ActivityAboutBinding
com.cloudlisten.music.databinding.ActivityMainBinding:
    public synthetic bridge android.view.View getRoot()
com.cloudlisten.music.databinding.ActivitySplashBinding
com.cloudlisten.music.databinding.ActivityTimelineBinding
com.cloudlisten.music.databinding.ContentMainBinding
com.cloudlisten.music.databinding.HeaderNavigationDrawerBinding
com.cloudlisten.music.utils.DeviceUtils
...
kotlin.time.AbstractLongTimeSource
kotlin.time.AdjustedTimeMark
kotlin.time.Duration$Companion
kotlin.time.Duration
kotlin.time.DurationJvmKt
kotlin.time.DurationKt
kotlin.time.DurationUnit
kotlin.time.DurationUnitKt
kotlin.time.DurationUnitKt__DurationUnitJvmKt$WhenMappings
kotlin.time.DurationUnitKt__DurationUnitJvmKt
kotlin.time.DurationUnitKt__DurationUnitKt$WhenMappings
kotlin.time.DurationUnitKt__DurationUnitKt
kotlin.time.ExperimentalTime
kotlin.time.LongSaturatedMathKt
kotlin.time.MeasureTimeKt
kotlin.time.MonoTimeSourceKt
kotlin.time.MonotonicTimeSource
kotlin.time.TestTimeSource
kotlin.time.TimeMark$DefaultImpls
kotlin.time.TimeMark
kotlin.time.TimeSource$Companion
kotlin.time.TimeSource$Monotonic$ValueTimeMark
kotlin.time.TimeSource$Monotonic
kotlin.time.TimeSource
kotlin.time.TimeSourceKt
kotlin.time.TimedValue
kotlin.time.jdk8.DurationConversionsJDK8Kt
kotlinx.coroutines.AbstractCoroutine:
    public static synthetic void getContext$annotations()
kotlinx.coroutines.AbstractTimeSource:
    public void <init>()
    public abstract long currentTimeMillis()
kotlinx.coroutines.AbstractTimeSourceKt:
    private static final long currentTimeMillis()
    private static final long nanoTime()
    private static final void parkNanos(java.lang.Object,long)
    private static final void registerTimeLoopThread()
    public static final void setTimeSource(kotlinx.coroutines.AbstractTimeSource)
    private static final void trackTask()
    private static final void unTrackTask()
    private static final void unpark(java.lang.Thread)
    private static final void unregisterTimeLoopThread()
    private static final java.lang.Runnable wrapTask(java.lang.Runnable)
kotlinx.coroutines.AwaitAll$AwaitAllNode
kotlinx.coroutines.AwaitAll$DisposeHandlersOnCancel
kotlinx.coroutines.AwaitAll
kotlinx.coroutines.AwaitKt$joinAll$1
kotlinx.coroutines.AwaitKt$joinAll$3
kotlinx.coroutines.AwaitKt
kotlinx.coroutines.BlockingCoroutine
kotlinx.coroutines.BuildersKt:
    public static final kotlinx.coroutines.Deferred async(kotlinx.coroutines.CoroutineScope,kotlin.coroutines.CoroutineContext,kotlinx.coroutines.CoroutineStart,kotlin.jvm.functions.Function2)
    public static synthetic kotlinx.coroutines.Deferred async$default(kotlinx.coroutines.CoroutineScope,kotlin.coroutines.CoroutineContext,kotlinx.coroutines.CoroutineStart,kotlin.jvm.functions.Function2,int,java.lang.Object)
    public static final java.lang.Object invoke(kotlinx.coroutines.CoroutineDispatcher,kotlin.jvm.functions.Function2,kotlin.coroutines.Continuation)
    public static final java.lang.Object runBlocking(kotlin.coroutines.CoroutineContext,kotlin.jvm.functions.Function2)
    public static synthetic java.lang.Object runBlocking$default(kotlin.coroutines.CoroutineContext,kotlin.jvm.functions.Function2,int,java.lang.Object)
    public static final java.lang.Object withContext(kotlin.coroutines.CoroutineContext,kotlin.jvm.functions.Function2,kotlin.coroutines.Continuation)
kotlinx.coroutines.BuildersKt__BuildersKt